Warning: SQLSTATE[42S22]: Column not found: 1054 Unknown column 'member_amount' in 'field list'
Trace: #0 C:\xampp\htdocs\rmu\admin\src\System\DatabaseMethods.php(70): PDOStatement->execute(Array)
#1 C:\xampp\htdocs\rmu\admin\src\System\DatabaseMethods.php(119): Src\System\DatabaseMethods->query('INSERT INTO `fe...', Array)
#2 C:\xampp\htdocs\rmu\admin\src\Core\FeeStructure.php(91): Src\System\DatabaseMethods->inputData('INSERT INTO `fe...', Array)
#3 C:\xampp\htdocs\rmu\admin\endpoint\index.php(1384): Src\Core\FeeStructure->add(Array)
#4 {main}
Warning: SQLSTATE[42S22]: Column not found: 1054 Unknown column 'member_amount' in 'field list'
Trace: #0 C:\xampp\htdocs\rmu\admin\src\System\DatabaseMethods.php(70): PDOStatement->execute(Array)
#1 C:\xampp\htdocs\rmu\admin\src\System\DatabaseMethods.php(119): Src\System\DatabaseMethods->query('INSERT INTO `fe...', Array)
#2 C:\xampp\htdocs\rmu\admin\src\Core\FeeStructure.php(91): Src\System\DatabaseMethods->inputData('INSERT INTO `fe...', Array)
#3 C:\xampp\htdocs\rmu\admin\endpoint\index.php(1384): Src\Core\FeeStructure->add(Array)
#4 {main}
Warning: SQLSTATE[42S22]: Column not found: 1054 Unknown column 'member_amount' in 'field list'
Trace: #0 C:\xampp\htdocs\rmu\admin\src\System\DatabaseMethods.php(70): PDOStatement->execute(Array)
#1 C:\xampp\htdocs\rmu\admin\src\System\DatabaseMethods.php(119): Src\System\DatabaseMethods->query('INSERT INTO `fe...', Array)
#2 C:\xampp\htdocs\rmu\admin\src\Core\FeeStructure.php(91): Src\System\DatabaseMethods->inputData('INSERT INTO `fe...', Array)
#3 C:\xampp\htdocs\rmu\admin\endpoint\index.php(1384): Src\Core\FeeStructure->add(Array)
#4 {main}
Warning: SQLSTATE[23000]: Integrity constraint violation: 1048 Column 'name' cannot be null
Trace: #0 C:\xampp\htdocs\rmu\admin\src\System\DatabaseMethods.php(70): PDOStatement->execute(Array)
#1 C:\xampp\htdocs\rmu\admin\src\System\DatabaseMethods.php(119): Src\System\DatabaseMethods->query('INSERT INTO `fe...', Array)
#2 C:\xampp\htdocs\rmu\admin\src\Core\FeeStructureItem.php(65): Src\System\DatabaseMethods->inputData('INSERT INTO `fe...', Array)
#3 C:\xampp\htdocs\rmu\admin\endpoint\index.php(1432): Src\Core\FeeStructureItem->add(Array)
#4 {main}
Warning: SQLSTATE[23000]: Integrity constraint violation: 1048 Column 'name' cannot be null
Trace: #0 C:\xampp\htdocs\rmu\admin\src\System\DatabaseMethods.php(70): PDOStatement->execute(Array)
#1 C:\xampp\htdocs\rmu\admin\src\System\DatabaseMethods.php(119): Src\System\DatabaseMethods->query('INSERT INTO `fe...', Array)
#2 C:\xampp\htdocs\rmu\admin\src\Core\FeeStructureItem.php(65): Src\System\DatabaseMethods->inputData('INSERT INTO `fe...', Array)
#3 C:\xampp\htdocs\rmu\admin\endpoint\index.php(1432): Src\Core\FeeStructureItem->add(Array)
#4 {main}
Warning: SQLSTATE[23000]: Integrity constraint violation: 1048 Column 'name' cannot be null
Trace: #0 C:\xampp\htdocs\rmu\admin\src\System\DatabaseMethods.php(70): PDOStatement->execute(Array)
#1 C:\xampp\htdocs\rmu\admin\src\System\DatabaseMethods.php(119): Src\System\DatabaseMethods->query('INSERT INTO `fe...', Array)
#2 C:\xampp\htdocs\rmu\admin\src\Core\FeeStructureItem.php(65): Src\System\DatabaseMethods->inputData('INSERT INTO `fe...', Array)
#3 C:\xampp\htdocs\rmu\admin\endpoint\index.php(1433): Src\Core\FeeStructureItem->add(Array)
#4 {main}
Warning: SQLSTATE[23000]: Integrity constraint violation: 1048 Column 'name' cannot be null
Trace: #0 C:\xampp\htdocs\rmu\admin\src\System\DatabaseMethods.php(70): PDOStatement->execute(Array)
#1 C:\xampp\htdocs\rmu\admin\src\System\DatabaseMethods.php(119): Src\System\DatabaseMethods->query('INSERT INTO `fe...', Array)
#2 C:\xampp\htdocs\rmu\admin\src\Core\FeeStructureItem.php(65): Src\System\DatabaseMethods->inputData('INSERT INTO `fe...', Array)
#3 C:\xampp\htdocs\rmu\admin\endpoint\index.php(1433): Src\Core\FeeStructureItem->add(Array)
#4 {main}
